Сборка начата 16.09.2022 16:24:42.
Уровень детализации журнала: Normal.     1>Проект "D:\Универ\3-й семестр\Лабы АиСД\Лр2\lr_02\lr_02\lr_02.vcxproj" в узле 2 (целевые объекты Build).
     1>InitializeBuildStatus:
         Создание "Debug\lr_02.tlog\unsuccessfulbuild", так как было задано "AlwaysCreate".
       ClCompile:
         C:\Program Files (x86)\Microsoft Visual Studio\2019\Community\VC\Tools\MSVC\14.29.30133\bin\HostX86\x86\CL.exe /c /ZI /JMC /nologo /W3 /WX- /diagnostics:column /sdl /Od /Oy- /D WIN32 /D _DEBUG /D _CONSOLE /D _UNICODE /D UNICODE /Gm- /EHsc /RTC1 /MDd /GS /fp:precise /permissive- /Zc:wchar_t /Zc:forScope /Zc:inline /Fo"Debug\\" /Fd"Debug\vc142.pdb" /external:W3 /Gd /TP /analyze- /FC /errorReport:prompt lr_01.cpp
         lr_01.cpp
     1>D:\Универ\3-й семестр\Лабы АиСД\Лр2\lr_02\lr_02\lr_01.cpp(7,1): warning C4326: возвращаемый тип "main" должен быть "int", а не "void"
       Link:
         C:\Program Files (x86)\Microsoft Visual Studio\2019\Community\VC\Tools\MSVC\14.29.30133\bin\HostX86\x86\link.exe /ERRORREPORT:PROMPT /OUT:"D:\Универ\3-й семестр\Лабы АиСД\Лр2\lr_02\Debug\lr_02.exe" /INCREMENTAL /ILK:"Debug\lr_02.ilk" /NOLOGO kernel32.lib user32.lib gdi32.lib winspool.lib comdlg32.lib advapi32.lib shell32.lib ole32.lib oleaut32.lib uuid.lib odbc32.lib odbccp32.lib /MANIFEST /MANIFESTUAC:"level='asInvoker' uiAccess='false'" /manifest:embed /DEBUG /PDB:"D:\Универ\3-й семестр\Лабы АиСД\Лр2\lr_02\Debug\lr_02.pdb" /SUBSYSTEM:CONSOLE /TLBID:1 /DYNAMICBASE /NXCOMPAT /IMPLIB:"D:\Универ\3-й семестр\Лабы АиСД\Лр2\lr_02\Debug\lr_02.lib" /MACHINE:X86 Debug\lr_01.obj
         lr_02.vcxproj -> D:\Универ\3-й семестр\Лабы АиСД\Лр2\lr_02\Debug\lr_02.exe
       FinalizeBuildStatus:
         Файл "Debug\lr_02.tlog\unsuccessfulbuild" удаляется.
         Обращение к "Debug\lr_02.tlog\lr_02.lastbuildstate".
     1>Сборка проекта "D:\Универ\3-й семестр\Лабы АиСД\Лр2\lr_02\lr_02\lr_02.vcxproj" завершена (целевые объекты Build).

Сборка успешно завершена.

       "D:\Универ\3-й семестр\Лабы АиСД\Лр2\lr_02\lr_02\lr_02.vcxproj" (целевой объект Build ) (1) ->
       (Целевой объект ClCompile) -> 
         D:\Универ\3-й семестр\Лабы АиСД\Лр2\lr_02\lr_02\lr_01.cpp(7,1): warning C4326: возвращаемый тип "main" должен быть "int", а не "void"

    Предупреждений: 1
    Ошибок: 0

Прошло времени 00:00:01.49
